#
# There is insufficient memory for the Java Runtime Environment to continue.
# Native memory allocation (malloc) failed to allocate 32784 bytes for Chunk::new
# Possible reasons:
#   The system is out of physical RAM or swap space
#   In 32 bit mode, the process size limit was hit
# Possible solutions:
#   Reduce memory load on the system
#   Increase physical memory or swap space
#   Check if swap backing store is full
#   Use 64 bit Java on a 64 bit OS
#   Decrease Java heap size (-Xmx/-Xms)
#   Decrease number of Java threads
#   Decrease Java thread stack sizes (-Xss)
#   Set larger code cache with -XX:ReservedCodeCacheSize=
# This output file may be truncated or incomplete.
#
#  Out of Memory Error (allocation.cpp:390), pid=13252, tid=0x0000000000006304
#
# JRE version: Java(TM) SE Runtime Environment (8.0_151-b12) (build 1.8.0_151-b12)
# Java VM: Java HotSpot(TM) 64-Bit Server VM (25.151-b12 mixed mode windows-amd64 compressed oops)
# Failed to write core dump. Minidumps are not enabled by default on client versions of Windows
#

---------------  T H R E A D  ---------------

Current thread (0x000000001e771000):  JavaThread "C2 CompilerThread0" daemon [_thread_in_native, id=25348, stack(0x000000001fed0000,0x000000001ffd0000)]

Stack: [0x000000001fed0000,0x000000001ffd0000]
[error occurred during error reporting (printing stack bounds), id 0xc0000005]

Native frames: (J=compiled Java code, j=interpreted, Vv=VM code, C=native code)


Current CompileTask:
C2:  11739 5365       4       java.beans.Introspector::addMethod (196 bytes)


---------------  P R O C E S S  ---------------

Java Threads: ( => current thread )
  0x0000000023e8b800 JavaThread "File lock request listener" [_thread_in_native, id=14612, stack(0x0000000024c60000,0x0000000024d60000)]
  0x00000000224be800 JavaThread "pool-1-thread-1" [_thread_in_native, id=13748, stack(0x0000000020fd0000,0x00000000210d0000)]
  0x0000000020203800 JavaThread "Service Thread" daemon [_thread_blocked, id=13892, stack(0x00000000205d0000,0x00000000206d0000)]
  0x000000001e77f000 JavaThread "C1 CompilerThread2" daemon [_thread_blocked, id=3016, stack(0x00000000200d0000,0x00000000201d0000)]
  0x000000001e774000 JavaThread "C2 CompilerThread1" daemon [_thread_in_native, id=14936, stack(0x000000001ffd0000,0x00000000200d0000)]
=>0x000000001e771000 JavaThread "C2 CompilerThread0" daemon [_thread_in_native, id=25348, stack(0x000000001fed0000,0x000000001ffd0000)]
  0x000000001e76d800 JavaThread "Attach Listener" daemon [_thread_blocked, id=604, stack(0x000000001fdd0000,0x000000001fed0000)]
  0x000000001e76c000 JavaThread "Signal Dispatcher" daemon [_thread_blocked, id=25164, stack(0x000000001fcd0000,0x000000001fdd0000)]
  0x000000001e75a800 JavaThread "Finalizer" daemon [_thread_blocked, id=10524, stack(0x000000001f9e0000,0x000000001fae0000)]
  0x0000000005182000 JavaThread "Reference Handler" daemon [_thread_blocked, id=24980, stack(0x000000001f8e0000,0x000000001f9e0000)]
  0x000000000322d800 JavaThread "main" [_thread_in_vm, id=7632, stack(0x0000000004f90000,0x0000000005090000)]

Other Threads:
  0x000000001e738000 VMThread [stack: 0x000000001f7e0000,0x000000001f8e0000] [id=21508]
  0x0000000020207800 WatcherThread [stack: 0x00000000206d0000,0x00000000207d0000] [id=6724]

VM state:not at safepoint (normal execution)

VM Mutex/Monitor currently owned by a thread: None

Heap:
 PSYoungGen      total 111616K, used 62514K [0x000000076b380000, 0x0000000776500000, 0x00000007c0000000)
  eden space 98816K, 55% used [0x000000076b380000,0x000000076e951670,0x0000000771400000)
  from space 12800K, 57% used [0x0000000772280000,0x00000007729bb400,0x0000000772f00000)
  to   space 14848K, 0% used [0x0000000771400000,0x0000000771400000,0x0000000772280000)
 ParOldGen       total 99840K, used 19430K [0x00000006c1a00000, 0x00000006c7b80000, 0x000000076b380000)
  object space 99840K, 19% used [0x00000006c1a00000,0x00000006c2cf9af8,0x00000006c7b80000)
 Metaspace       used 43361K, capacity 44262K, committed 44504K, reserved 1087488K
  class space    used 5977K, capacity 6261K, committed 6360K, reserved 1048576K

Card table byte_map: [0x0000000014550000,0x0000000014d50000] byte_map_base: 0x0000000010f43000

Marking Bits: (ParMarkBitMap*) 0x00000000509ed850
 Begin Bits: [0x00000000156a0000, 0x0000000019638000)
 End Bits:   [0x0000000019638000, 0x000000001d5d0000)

Polling page: 0x0000000003210000

CodeCache: size=245760Kb used=18401Kb max_used=18424Kb free=227358Kb
 bounds [0x0000000005190000, 0x00000000063b0000, 0x0000000014190000]
 total_blobs=5681 nmethods=4981 adapters=611
 compilation: enabled

Compilation events (10 events):
Event: 11.684 Thread 0x000000001e77f000 nmethod 5364 0x000000000638c450 code [0x000000000638c5a0, 0x000000000638c6d0]
Event: 11.684 Thread 0x000000001e771000 5336       4       org.codehaus.groovy.runtime.metaclass.MetaMethodIndex::copyNonPrivateMethods (149 bytes)
Event: 11.689 Thread 0x000000001e77f000 5367       3       java.lang.invoke.MemberName::getType (19 bytes)
Event: 11.690 Thread 0x000000001e77f000 nmethod 5367 0x000000000638bc10 code [0x000000000638bda0, 0x000000000638c2f8]
Event: 11.690 Thread 0x000000001e77f000 5368       3       java.lang.invoke.MethodHandles$Lookup::checkAccess (250 bytes)
Event: 11.691 Thread 0x000000001e77f000 nmethod 5368 0x0000000006387490 code [0x0000000006387740, 0x0000000006388fe8]
Event: 11.691 Thread 0x000000001e77f000 5369   !   3       org.codehaus.groovy.reflection.CachedMethod::invoke (70 bytes)
Event: 11.692 Thread 0x000000001e77f000 nmethod 5369 0x000000000638b010 code [0x000000000638b1e0, 0x000000000638b9b8]
Event: 11.709 Thread 0x000000001e771000 nmethod 5336 0x0000000006390250 code [0x0000000006390420, 0x0000000006391330]
Event: 11.709 Thread 0x000000001e771000 5365       4       java.beans.Introspector::addMethod (196 bytes)

GC Heap History (10 events):
Event: 7.408 GC heap before
{Heap before GC invocations=6 (full 1):
 PSYoungGen      total 76288K, used 71798K [0x000000076b380000, 0x0000000772e00000, 0x00000007c0000000)
  eden space 65536K, 100% used [0x000000076b380000,0x000000076f380000,0x000000076f380000)
  from space 10752K, 58% used [0x000000076fe00000,0x000000077041d8b0,0x0000000770880000)
  to   space 10752K, 0% used [0x000000076f380000,0x000000076f380000,0x000000076fe00000)
 ParOldGen       total 99840K, used 7858K [0x00000006c1a00000, 0x00000006c7b80000, 0x000000076b380000)
  object space 99840K, 7% used [0x00000006c1a00000,0x00000006c21ac8b8,0x00000006c7b80000)
 Metaspace       used 30844K, capacity 31398K, committed 31744K, reserved 1077248K
  class space    used 4286K, capacity 4511K, committed 4608K, reserved 1048576K
Event: 7.416 GC heap after
Heap after GC invocations=6 (full 1):
 PSYoungGen      total 76288K, used 8054K [0x000000076b380000, 0x0000000772f80000, 0x00000007c0000000)
  eden space 65536K, 0% used [0x000000076b380000,0x000000076b380000,0x000000076f380000)
  from space 10752K, 74% used [0x000000076f380000,0x000000076fb5d8c8,0x000000076fe00000)
  to   space 13312K, 0% used [0x0000000772280000,0x0000000772280000,0x0000000772f80000)
 ParOldGen       total 99840K, used 7866K [0x00000006c1a00000, 0x00000006c7b80000, 0x000000076b380000)
  object space 99840K, 7% used [0x00000006c1a00000,0x00000006c21ae8b8,0x00000006c7b80000)
 Metaspace       used 30844K, capacity 31398K, committed 31744K, reserved 1077248K
  class space    used 4286K, capacity 4511K, committed 4608K, reserved 1048576K
}
Event: 8.508 GC heap before
{Heap before GC invocations=7 (full 1):
 PSYoungGen      total 76288K, used 73590K [0x000000076b380000, 0x0000000772f80000, 0x00000007c0000000)
  eden space 65536K, 100% used [0x000000076b380000,0x000000076f380000,0x000000076f380000)
  from space 10752K, 74% used [0x000000076f380000,0x000000076fb5d8c8,0x000000076fe00000)
  to   space 13312K, 0% used [0x0000000772280000,0x0000000772280000,0x0000000772f80000)
 ParOldGen       total 99840K, used 7866K [0x00000006c1a00000, 0x00000006c7b80000, 0x000000076b380000)
  object space 99840K, 7% used [0x00000006c1a00000,0x00000006c21ae8b8,0x00000006c7b80000)
 Metaspace       used 34195K, capacity 34720K, committed 35072K, reserved 1079296K
  class space    used 4688K, capacity 4822K, committed 4864K, reserved 1048576K
Event: 8.520 GC heap after
Heap after GC invocations=7 (full 1):
 PSYoungGen      total 110592K, used 11523K [0x000000076b380000, 0x0000000772f00000, 0x00000007c0000000)
  eden space 97792K, 0% used [0x000000076b380000,0x000000076b380000,0x0000000771300000)
  from space 12800K, 90% used [0x0000000772280000,0x0000000772dc0f80,0x0000000772f00000)
  to   space 14336K, 0% used [0x0000000771300000,0x0000000771300000,0x0000000772100000)
 ParOldGen       total 99840K, used 7874K [0x00000006c1a00000, 0x00000006c7b80000, 0x000000076b380000)
  object space 99840K, 7% used [0x00000006c1a00000,0x00000006c21b08b8,0x00000006c7b80000)
 Metaspace       used 34195K, capacity 34720K, committed 35072K, reserved 1079296K
  class space    used 4688K, capacity 4822K, committed 4864K, reserved 1048576K
}
Event: 8.797 GC heap before
{Heap before GC invocations=8 (full 1):
 PSYoungGen      total 110592K, used 32948K [0x000000076b380000, 0x0000000772f00000, 0x00000007c0000000)
  eden space 97792K, 21% used [0x000000076b380000,0x000000076c86c180,0x0000000771300000)
  from space 12800K, 90% used [0x0000000772280000,0x0000000772dc0f80,0x0000000772f00000)
  to   space 14336K, 0% used [0x0000000771300000,0x0000000771300000,0x0000000772100000)
 ParOldGen       total 99840K, used 7874K [0x00000006c1a00000, 0x00000006c7b80000, 0x000000076b380000)
  object space 99840K, 7% used [0x00000006c1a00000,0x00000006c21b08b8,0x00000006c7b80000)
 Metaspace       used 34577K, capacity 35162K, committed 35416K, reserved 1079296K
  class space    used 4751K, capacity 4928K, committed 4952K, reserved 1048576K
Event: 8.827 GC heap after
Heap after GC invocations=8 (full 1):
 PSYoungGen      total 112128K, used 12070K [0x000000076b380000, 0x0000000772f00000, 0x00000007c0000000)
  eden space 97792K, 0% used [0x000000076b380000,0x000000076b380000,0x0000000771300000)
  from space 14336K, 84% used [0x0000000771300000,0x0000000771ec9ab0,0x0000000772100000)
  to   space 12800K, 0% used [0x0000000772280000,0x0000000772280000,0x0000000772f00000)
 ParOldGen       total 99840K, used 7874K [0x00000006c1a00000, 0x00000006c7b80000, 0x000000076b380000)
  object space 99840K, 7% used [0x00000006c1a00000,0x00000006c21b08b8,0x00000006c7b80000)
 Metaspace       used 34577K, capacity 35162K, committed 35416K, reserved 1079296K
  class space    used 4751K, capacity 4928K, committed 4952K, reserved 1048576K
}
Event: 8.827 GC heap before
{Heap before GC invocations=9 (full 2):
 PSYoungGen      total 112128K, used 12070K [0x000000076b380000, 0x0000000772f00000, 0x00000007c0000000)
  eden space 97792K, 0% used [0x000000076b380000,0x000000076b380000,0x0000000771300000)
  from space 14336K, 84% used [0x0000000771300000,0x0000000771ec9ab0,0x0000000772100000)
  to   space 12800K, 0% used [0x0000000772280000,0x0000000772280000,0x0000000772f00000)
 ParOldGen       total 99840K, used 7874K [0x00000006c1a00000, 0x00000006c7b80000, 0x000000076b380000)
  object space 99840K, 7% used [0x00000006c1a00000,0x00000006c21b08b8,0x00000006c7b80000)
 Metaspace       used 34577K, capacity 35162K, committed 35416K, reserved 1079296K
  class space    used 4751K, capacity 4928K, committed 4952K, reserved 1048576K
Event: 8.956 GC heap after
Heap after GC invocations=9 (full 2):
 PSYoungGen      total 112128K, used 0K [0x000000076b380000, 0x0000000772f00000, 0x00000007c0000000)
  eden space 97792K, 0% used [0x000000076b380000,0x000000076b380000,0x0000000771300000)
  from space 14336K, 0% used [0x0000000771300000,0x0000000771300000,0x0000000772100000)
  to   space 12800K, 0% used [0x0000000772280000,0x0000000772280000,0x0000000772f00000)
 ParOldGen       total 99840K, used 19358K [0x00000006c1a00000, 0x00000006c7b80000, 0x000000076b380000)
  object space 99840K, 19% used [0x00000006c1a00000,0x00000006c2ce7ae8,0x00000006c7b80000)
 Metaspace       used 34577K, capacity 35162K, committed 35416K, reserved 1079296K
  class space    used 4751K, capacity 4928K, committed 4952K, reserved 1048576K
}
Event: 10.803 GC heap before
{Heap before GC invocations=10 (full 2):
 PSYoungGen      total 112128K, used 97792K [0x000000076b380000, 0x0000000772f00000, 0x00000007c0000000)
  eden space 97792K, 100% used [0x000000076b380000,0x0000000771300000,0x0000000771300000)
  from space 14336K, 0% used [0x0000000771300000,0x0000000771300000,0x0000000772100000)
  to   space 12800K, 0% used [0x0000000772280000,0x0000000772280000,0x0000000772f00000)
 ParOldGen       total 99840K, used 19358K [0x00000006c1a00000, 0x00000006c7b80000, 0x000000076b380000)
  object space 99840K, 19% used [0x00000006c1a00000,0x00000006c2ce7ae8,0x00000006c7b80000)
 Metaspace       used 41324K, capacity 42074K, committed 42328K, reserved 1085440K
  class space    used 5687K, capacity 5927K, committed 5976K, reserved 1048576K
Event: 10.811 GC heap after
Heap after GC invocations=10 (full 2):
 PSYoungGen      total 111616K, used 7405K [0x000000076b380000, 0x0000000776500000, 0x00000007c0000000)
  eden space 98816K, 0% used [0x000000076b380000,0x000000076b380000,0x0000000771400000)
  from space 12800K, 57% used [0x0000000772280000,0x00000007729bb400,0x0000000772f00000)
  to   space 14848K, 0% used [0x0000000771400000,0x0000000771400000,0x0000000772280000)
 ParOldGen       total 99840K, used 19430K [0x00000006c1a00000, 0x00000006c7b80000, 0x000000076b380000)
  object space 99840K, 19% used [0x00000006c1a00000,0x00000006c2cf9af8,0x00000006c7b80000)
 Metaspace       used 41324K, capacity 42074K, committed 42328K, reserved 1085440K
  class space    used 5687K, capacity 5927K, committed 5976K, reserved 1048576K
}

Deoptimization events (10 events):
Event: 11.003 Thread 0x000000000322d800 Uncommon trap: reason=class_check action=maybe_recompile pc=0x00000000052d1978 method=com.sun.org.apache.xerces.internal.impl.XMLEntityScanner.invokeListeners(I)V @ 21
Event: 11.003 Thread 0x000000000322d800 Uncommon trap: reason=class_check action=maybe_recompile pc=0x0000000005601788 method=com.sun.org.apache.xerces.internal.impl.XMLEntityScanner.invokeListeners(I)V @ 21
Event: 11.069 Thread 0x000000000322d800 Uncommon trap: reason=unstable_if action=reinterpret pc=0x0000000005a1cb60 method=org.apache.xerces.impl.XMLEntityScanner.skipSpaces()Z @ 60
Event: 11.070 Thread 0x000000000322d800 Uncommon trap: reason=class_check action=maybe_recompile pc=0x00000000059584d8 method=java.util.Hashtable.get(Ljava/lang/Object;)Ljava/lang/Object; @ 6
Event: 11.081 Thread 0x000000000322d800 Uncommon trap: reason=unstable_if action=reinterpret pc=0x0000000005a64580 method=org.apache.xerces.util.SymbolTable.addSymbol([CII)Ljava/lang/String; @ 56
Event: 11.082 Thread 0x000000000322d800 Uncommon trap: reason=unstable_if action=reinterpret pc=0x0000000005a454c0 method=org.apache.xerces.impl.XMLEntityScanner.peekChar()I @ 14
Event: 11.116 Thread 0x000000000322d800 Uncommon trap: reason=class_check action=maybe_recompile pc=0x00000000059584d8 method=java.util.Hashtable.get(Ljava/lang/Object;)Ljava/lang/Object; @ 6
Event: 11.129 Thread 0x000000000322d800 Uncommon trap: reason=class_check action=maybe_recompile pc=0x00000000059584d8 method=java.util.Hashtable.get(Ljava/lang/Object;)Ljava/lang/Object; @ 6
Event: 11.156 Thread 0x000000000322d800 Uncommon trap: reason=class_check action=maybe_recompile pc=0x00000000059584d8 method=java.util.Hashtable.get(Ljava/lang/Object;)Ljava/lang/Object; @ 6
Event: 11.475 Thread 0x000000000322d800 Uncommon trap: reason=unstable_if action=reinterpret pc=0x0000000005300e64 method=java.util.HashMap$HashIterator.<init>(Ljava/util/HashMap;)V @ 45

Internal exceptions (10 events):
Event: 11.657 Thread 0x000000000322d800 Exception <a 'java/lang/ClassNotFoundException': com/android/build/gradle/internal/tasks/IncrementalTaskCustomizer> (0x000000076e4cef60) thrown at [C:\re\workspace\8-2-build-windows-amd64-cygwin\jdk8u151\9699\hotspot\src\share\vm\classfile\systemDictionar
Event: 11.658 Thread 0x000000000322d800 Exception <a 'java/lang/ClassNotFoundException': com/android/build/gradle/tasks/ManifestProcessorTaskCustomizer> (0x000000076e4f8098) thrown at [C:\re\workspace\8-2-build-windows-amd64-cygwin\jdk8u151\9699\hotspot\src\share\vm\classfile\systemDictionary.c
Event: 11.659 Thread 0x000000000322d800 Exception <a 'java/lang/ClassNotFoundException': com/android/build/gradle/tasks/ProcessManifestCustomizer> (0x000000076e524fd0) thrown at [C:\re\workspace\8-2-build-windows-amd64-cygwin\jdk8u151\9699\hotspot\src\share\vm\classfile\systemDictionary.cpp, li
Event: 11.661 Thread 0x000000000322d800 Exception <a 'java/lang/ClassNotFoundException': com/android/build/gradle/tasks/ProcessManifest_DecoratedCustomizer> (0x000000076e56ef80) thrown at [C:\re\workspace\8-2-build-windows-amd64-cygwin\jdk8u151\9699\hotspot\src\share\vm\classfile\systemDictiona
Event: 11.680 Thread 0x000000000322d800 Exception <a 'java/lang/ClassNotFoundException': com/android/build/gradle/tasks/RenderscriptCompile_DecoratedBeanInfo> (0x000000076e6dc030) thrown at [C:\re\workspace\8-2-build-windows-amd64-cygwin\jdk8u151\9699\hotspot\src\share\vm\classfile\systemDictio
Event: 11.681 Thread 0x000000000322d800 Exception <a 'java/lang/ClassNotFoundException': com/android/build/gradle/tasks/RenderscriptCompileBeanInfo> (0x000000076e6efe10) thrown at [C:\re\workspace\8-2-build-windows-amd64-cygwin\jdk8u151\9699\hotspot\src\share\vm\classfile\systemDictionary.cpp, 
Event: 11.682 Thread 0x000000000322d800 Exception <a 'java/lang/ClassNotFoundException': com/android/build/gradle/internal/tasks/NdkTaskBeanInfo> (0x000000076e703990) thrown at [C:\re\workspace\8-2-build-windows-amd64-cygwin\jdk8u151\9699\hotspot\src\share\vm\classfile\systemDictionary.cpp, lin
Event: 11.682 Thread 0x000000000322d800 Exception <a 'java/lang/ClassNotFoundException': com/android/build/gradle/internal/tasks/NdkTaskCustomizer> (0x000000076e717ad8) thrown at [C:\re\workspace\8-2-build-windows-amd64-cygwin\jdk8u151\9699\hotspot\src\share\vm\classfile\systemDictionary.cpp, l
Event: 11.684 Thread 0x000000000322d800 Exception <a 'java/lang/ClassNotFoundException': com/android/build/gradle/tasks/RenderscriptCompileCustomizer> (0x000000076e7487c0) thrown at [C:\re\workspace\8-2-build-windows-amd64-cygwin\jdk8u151\9699\hotspot\src\share\vm\classfile\systemDictionary.cpp
Event: 11.687 Thread 0x000000000322d800 Exception <a 'java/lang/ClassNotFoundException': com/android/build/gradle/tasks/RenderscriptCompile_DecoratedCustomizer> (0x000000076e795ed8) thrown at [C:\re\workspace\8-2-build-windows-amd64-cygwin\jdk8u151\9699\hotspot\src\share\vm\classfile\systemDict

Events (10 events):
Event: 11.690 loading class com/android/build/gradle/internal/core/GradleVariantConfiguration
Event: 11.690 loading class com/android/build/gradle/internal/core/GradleVariantConfiguration done
Event: 11.691 loading class com/android/build/gradle/tasks/MergeResources$ConfigAction
Event: 11.691 loading class com/android/build/gradle/tasks/MergeResources$ConfigAction done
Event: 11.692 loading class com/android/ide/common/res2/MergeConsumer
Event: 11.692 loading class com/android/ide/common/res2/MergeConsumer done
Event: 11.693 loading class com/android/build/gradle/tasks/ResourceException
Event: 11.693 loading class com/android/build/gradle/tasks/ResourceException done
Event: 11.694 loading class com/android/ide/common/res2/GeneratedResourceSet
Event: 11.694 loading class com/android/ide/common/res2/GeneratedResourceSet done


Dynamic libraries:
0x00007ff6cb940000 - 0x00007ff6cb977000 	C:\ProgramData\Oracle\Java\javapath\java.exe
0x00007ffdc8d90000 - 0x00007ffdc8f70000 	C:\WINDOWS\SYSTEM32\ntdll.dll
0x00007ffdc7250000 - 0x00007ffdc72fe000 	C:\WINDOWS\System32\KERNEL32.DLL
0x00007ffdc5da0000 - 0x00007ffdc6006000 	C:\WINDOWS\System32\KERNELBASE.dll
0x00007ffdc71a0000 - 0x00007ffdc7241000 	C:\WINDOWS\System32\ADVAPI32.dll
0x00007ffdc7800000 - 0x00007ffdc789d000 	C:\WINDOWS\System32\msvcrt.dll
0x00007ffdc75a0000 - 0x00007ffdc75fb000 	C:\WINDOWS\System32\sechost.dll
0x00007ffdc6d30000 - 0x00007ffdc6e4f000 	C:\WINDOWS\System32\RPCRT4.dll
0x00007ffdc7300000 - 0x00007ffdc748f000 	C:\WINDOWS\System32\USER32.dll
0x00007ffdc5c80000 - 0x00007ffdc5ca0000 	C:\WINDOWS\System32\win32u.dll
0x00007ffdc6c00000 - 0x00007ffdc6c28000 	C:\WINDOWS\System32\GDI32.dll
0x00007ffdc60c0000 - 0x00007ffdc6253000 	C:\WINDOWS\System32\gdi32full.dll
0x00007ffdc5ca0000 - 0x00007ffdc5d3b000 	C:\WINDOWS\System32\msvcp_win.dll
0x00007ffdc5b80000 - 0x00007ffdc5c76000 	C:\WINDOWS\System32\ucrtbase.dll
0x00007ffdb7f50000 - 0x00007ffdb81b9000 	C:\WINDOWS\WinSxS\amd64_microsoft.windows.common-controls_6595b64144ccf1df_6.0.16299.248_none_15ced204935f55d7\COMCTL32.dll
0x00007ffdc6430000 - 0x00007ffdc6738000 	C:\WINDOWS\System32\combase.dll
0x00007ffdc5b00000 - 0x00007ffdc5b72000 	C:\WINDOWS\System32\bcryptPrimitives.dll
0x00007ffdc6c30000 - 0x00007ffdc6c5d000 	C:\WINDOWS\System32\IMM32.DLL
0x0000000050a70000 - 0x0000000050b42000 	C:\Program Files\Java\jre1.8.0_151\bin\msvcr100.dll
0x00000000501d0000 - 0x0000000050a6d000 	C:\Program Files\Java\jre1.8.0_151\bin\server\jvm.dll
0x00007ffdc7190000 - 0x00007ffdc7198000 	C:\WINDOWS\System32\PSAPI.DLL
0x00007ffdc3490000 - 0x00007ffdc3499000 	C:\WINDOWS\SYSTEM32\WSOCK32.dll
0x00007ffdc6e50000 - 0x00007ffdc6ebc000 	C:\WINDOWS\System32\WS2_32.dll
0x00007ffdc1c90000 - 0x00007ffdc1cb3000 	C:\WINDOWS\SYSTEM32\WINMM.dll
0x00007ffdb4530000 - 0x00007ffdb453a000 	C:\WINDOWS\SYSTEM32\VERSION.dll
0x00007ffdc1c30000 - 0x00007ffdc1c5a000 	C:\WINDOWS\SYSTEM32\WINMMBASE.dll
0x00007ffdc58e0000 - 0x00007ffdc592a000 	C:\WINDOWS\System32\cfgmgr32.dll
0x0000000051ac0000 - 0x0000000051acf000 	C:\Program Files\Java\jre1.8.0_151\bin\verify.dll
0x00000000501a0000 - 0x00000000501c9000 	C:\Program Files\Java\jre1.8.0_151\bin\java.dll
0x0000000050180000 - 0x0000000050196000 	C:\Program Files\Java\jre1.8.0_151\bin\zip.dll
0x00007ffdc7920000 - 0x00007ffdc8d56000 	C:\WINDOWS\System32\SHELL32.dll
0x00007ffdc6f60000 - 0x00007ffdc7006000 	C:\WINDOWS\System32\shcore.dll
0x00007ffdc5190000 - 0x00007ffdc58d7000 	C:\WINDOWS\System32\windows.storage.dll
0x00007ffdc7600000 - 0x00007ffdc7651000 	C:\WINDOWS\System32\shlwapi.dll
0x00007ffdc5170000 - 0x00007ffdc5181000 	C:\WINDOWS\System32\kernel.appcore.dll
0x00007ffdc50e0000 - 0x00007ffdc512c000 	C:\WINDOWS\System32\powrprof.dll
0x00007ffdc5130000 - 0x00007ffdc514b000 	C:\WINDOWS\System32\profapi.dll
0x0000000050160000 - 0x000000005017a000 	C:\Program Files\Java\jre1.8.0_151\bin\net.dll
0x00007ffdc4970000 - 0x00007ffdc49d6000 	C:\WINDOWS\system32\mswsock.dll
0x0000000050140000 - 0x0000000050151000 	C:\Program Files\Java\jre1.8.0_151\bin\nio.dll
0x00007ffdaa900000 - 0x00007ffdaa912000 	C:\Users\Munna Singh\.gradle\native\19\windows-amd64\native-platform.dll
0x0000000180000000 - 0x0000000180037000 	C:\Users\Munna Singh\.gradle\native\jna\win32-amd64\jnidispatch.dll
0x00007ffdc4b30000 - 0x00007ffdc4b47000 	C:\WINDOWS\SYSTEM32\CRYPTSP.dll
0x00007ffdc4580000 - 0x00007ffdc45b3000 	C:\WINDOWS\system32\rsaenh.dll
0x00007ffdc4c40000 - 0x00007ffdc4c65000 	C:\WINDOWS\SYSTEM32\bcrypt.dll
0x00007ffdc4fe0000 - 0x00007ffdc5009000 	C:\WINDOWS\SYSTEM32\USERENV.dll
0x00007ffdc4b50000 - 0x00007ffdc4b5b000 	C:\WINDOWS\SYSTEM32\CRYPTBASE.dll
0x00007ffdc4700000 - 0x00007ffdc4739000 	C:\WINDOWS\SYSTEM32\IPHLPAPI.DLL
0x00007ffdc7180000 - 0x00007ffdc7188000 	C:\WINDOWS\System32\NSI.dll
0x00007ffdbe120000 - 0x00007ffdbe136000 	C:\WINDOWS\SYSTEM32\dhcpcsvc6.DLL
0x00007ffdbdfa0000 - 0x00007ffdbdfba000 	C:\WINDOWS\SYSTEM32\dhcpcsvc.DLL
0x0000000050130000 - 0x000000005013d000 	C:\Program Files\Java\jre1.8.0_151\bin\management.dll

VM Arguments:
jvm_args: -Dorg.gradle.appname=gradlew 
java_command: org.gradle.wrapper.GradleWrapperMain installDebug
java_class_path (initial): C:\temp\myapp\android\\gradle\wrapper\gradle-wrapper.jar
Launcher Type: SUN_STANDARD

Environment Variables:
CLASSPATH=C:\temp\myapp\android\\gradle\wrapper\gradle-wrapper.jar
PATH=C:\ProgramData\Oracle\Java\javapath;C:\WINDOWS\system32;C:\WINDOWS;C:\WINDOWS\System32\Wbem;C:\WINDOWS\System32\WindowsPowerShell\v1.0\;C:\HashiCorp\Vagrant\bin;C:\Program Files (x86)\Skype\Phone\;C:\Program Files\dotnet\;D:\Program Files\nodejs\;D:\Program Files\Git\cmd;D:\cygwin64\bin;C:\Users\Munna Singh\.dnx\bin;C:\Program Files\Microsoft DNX\Dnvm\;C:\Program Files\Microsoft SQL Server\110\Tools\Binn\;D:\sqlserver\110\Tools\Binn\;C:\Program Files\Microsoft SQL Server\110\DTS\Binn\;C:\Program Files (x86)\Microsoft SQL Server\100\Tools\Binn\VSShell\Common7\IDE\;C:\Program Files (x86)\Microsoft SQL Server\100\Tools\Binn\;C:\Program Files\Microsoft SQL Server\100\Tools\Binn\;C:\Program Files (x86)\Microsoft SQL Server\100\DTS\Binn\;C:\Program Files\Microsoft SQL Server\130\Tools\Binn\;C:\Program Files (x86)\Windows Kits\10\Windows Performance Toolkit\;C:\Program Files\TortoiseGit\bin;D:\AndroidSDK\tools;D:\AndroidSDK\platform-tools;C:\Users\Munna Singh\AppData\Local\Microsoft\WindowsApps;D:\Program Files\Microsoft VS Code\bin;C:\Users\Munna Singh\AppData\Roaming\npm;C:\Users\Munna Singh\AppData\Local\GitHubDesktop\bin;%USERPROFILE%\AppData\Local\Microsoft\WindowsApps;
USERNAME=Munna Singh
OS=Windows_NT
PROCESSOR_IDENTIFIER=Intel64 Family 6 Model 61 Stepping 4, GenuineIntel



---------------  S Y S T E M  ---------------

OS: Windows 10.0 , 64 bit Build 16299 (10.0.16299.15)

CPU:total 4 (initial active 4) (2 cores per cpu, 2 threads per core) family 6 model 61 stepping 4, cmov, cx8, fxsr, mmx, sse, sse2, sse3, ssse3, sse4.1, sse4.2, popcnt, avx, avx2, aes, clmul, erms, rtm, 3dnowpref, lzcnt, ht, tsc, tscinvbit, bmi1, bmi2, adx

Memory: 4k page, physical 16663092k(2356220k free), swap 35056720k(4128k free)

vm_info: Java HotSpot(TM) 64-Bit Server VM (25.151-b12) for windows-amd64 JRE (1.8.0_151-b12), built on Sep  5 2017 19:33:46 by "java_re" with MS VC++ 10.0 (VS2010)

time: Tue Mar 06 15:25:43 2018
elapsed time: 11 seconds (0d 0h 0m 11s)

