#
# There is insufficient memory for the Java Runtime Environment to continue.
# Native memory allocation (malloc) failed to allocate 32744 bytes for ChunkPool::allocate
# Possible reasons:
#   The system is out of physical RAM or swap space
#   In 32 bit mode, the process size limit was hit
# Possible solutions:
#   Reduce memory load on the system
#   Increase physical memory or swap space
#   Check if swap backing store is full
#   Use 64 bit Java on a 64 bit OS
#   Decrease Java heap size (-Xmx/-Xms)
#   Decrease number of Java threads
#   Decrease Java thread stack sizes (-Xss)
#   Set larger code cache with -XX:ReservedCodeCacheSize=
# This output file may be truncated or incomplete.
#
#  Out of Memory Error (allocation.cpp:273), pid=11096, tid=0x0000000000003214
#
# JRE version: Java(TM) SE Runtime Environment (8.0_151-b12) (build 1.8.0_151-b12)
# Java VM: Java HotSpot(TM) 64-Bit Server VM (25.151-b12 mixed mode windows-amd64 compressed oops)
# Failed to write core dump. Minidumps are not enabled by default on client versions of Windows
#

---------------  T H R E A D  ---------------

Current thread (0x0000000017839800):  JavaThread "C1 CompilerThread2" daemon [_thread_in_native, id=12820, stack(0x0000000019530000,0x0000000019630000)]

Stack: [0x0000000019530000,0x0000000019630000]
[error occurred during error reporting (printing stack bounds), id 0xc0000005]

Native frames: (J=compiled Java code, j=interpreted, Vv=VM code, C=native code)


Current CompileTask:
C1:    768  618   !   3       com.android.dx.cf.code.BytecodeArray::parseInstruction (2796 bytes)


---------------  P R O C E S S  ---------------

Java Threads: ( => current thread )
  0x0000000019443000 JavaThread "pool-1-thread-4" [_thread_new, id=12696, stack(0x0000000000000000,0x0000000000000000)]
  0x0000000019440000 JavaThread "pool-1-thread-3" [_thread_new, id=7564, stack(0x0000000000000000,0x0000000000000000)]
  0x0000000019423800 JavaThread "pool-1-thread-2" [_thread_in_Java, id=11024, stack(0x0000000019a30000,0x0000000019b30000)]
  0x00000000193c8000 JavaThread "pool-2-thread-1" [_thread_blocked, id=20152, stack(0x0000000019930000,0x0000000019a30000)]
  0x00000000193ba000 JavaThread "pool-1-thread-1" [_thread_in_vm, id=2004, stack(0x0000000019830000,0x0000000019930000)]
  0x000000001783c800 JavaThread "Service Thread" daemon [_thread_blocked, id=22744, stack(0x0000000019630000,0x0000000019730000)]
=>0x0000000017839800 JavaThread "C1 CompilerThread2" daemon [_thread_in_native, id=12820, stack(0x0000000019530000,0x0000000019630000)]
  0x00000000177e4800 JavaThread "C2 CompilerThread1" daemon [_thread_in_native, id=25708, stack(0x0000000019030000,0x0000000019130000)]
  0x00000000177df800 JavaThread "C2 CompilerThread0" daemon [_thread_in_native, id=15772, stack(0x0000000018f30000,0x0000000019030000)]
  0x00000000177dd000 JavaThread "Attach Listener" daemon [_thread_blocked, id=23288, stack(0x0000000018e30000,0x0000000018f30000)]
  0x00000000177dc000 JavaThread "Signal Dispatcher" daemon [_thread_blocked, id=19768, stack(0x0000000018d30000,0x0000000018e30000)]
  0x00000000177ca000 JavaThread "Finalizer" daemon [_thread_blocked, id=26612, stack(0x0000000018a40000,0x0000000018b40000)]
  0x00000000177a9000 JavaThread "Reference Handler" daemon [_thread_blocked, id=21940, stack(0x0000000018940000,0x0000000018a40000)]
  0x0000000004ece000 JavaThread "main" [_thread_in_Java, id=11792, stack(0x0000000004d10000,0x0000000004e10000)]

Other Threads:
  0x00000000177a7000 VMThread [stack: 0x0000000018840000,0x0000000018940000] [id=19356]
  0x000000001914e000 WatcherThread [stack: 0x0000000019730000,0x0000000019830000] [id=18120]

VM state:not at safepoint (normal execution)

VM Mutex/Monitor currently owned by a thread: None

Heap:
 PSYoungGen      total 76288K, used 15747K [0x00000000eab00000, 0x00000000f0000000, 0x0000000100000000)
  eden space 65536K, 24% used [0x00000000eab00000,0x00000000eba60c10,0x00000000eeb00000)
  from space 10752K, 0% used [0x00000000ef580000,0x00000000ef580000,0x00000000f0000000)
  to   space 10752K, 0% used [0x00000000eeb00000,0x00000000eeb00000,0x00000000ef580000)
 ParOldGen       total 175104K, used 0K [0x00000000c0000000, 0x00000000cab00000, 0x00000000eab00000)
  object space 175104K, 0% used [0x00000000c0000000,0x00000000c0000000,0x00000000cab00000)
 Metaspace       used 5803K, capacity 6680K, committed 6912K, reserved 1056768K
  class space    used 622K, capacity 656K, committed 768K, reserved 1048576K

Card table byte_map: [0x00000000144d0000,0x00000000146e0000] byte_map_base: 0x0000000013ed0000

Marking Bits: (ParMarkBitMap*) 0x0000000077e9d850
 Begin Bits: [0x0000000014c40000, 0x0000000015c40000)
 End Bits:   [0x0000000015c40000, 0x0000000016c40000)

Polling page: 0x00000000034a0000

CodeCache: size=245760Kb used=2494Kb max_used=2505Kb free=243265Kb
 bounds [0x0000000005110000, 0x0000000005390000, 0x0000000014110000]
 total_blobs=889 nmethods=618 adapters=184
 compilation: enabled

Compilation events (10 events):
Event: 0.747 Thread 0x0000000017839800  622       3       com.android.dx.ssa.SsaInsn::<init> (29 bytes)
Event: 0.747 Thread 0x0000000017839800 nmethod 622 0x0000000005374990 code [0x0000000005374b00, 0x0000000005374dc8]
Event: 0.747 Thread 0x0000000017839800  618   !   3       com.android.dx.cf.code.BytecodeArray::parseInstruction (2796 bytes)
Event: 0.748 Thread 0x00000000177df800 nmethod 624 0x0000000005374550 code [0x00000000053746a0, 0x0000000005374828]
Event: 0.749 Thread 0x00000000177e4800 nmethod 623 0x0000000005374110 code [0x0000000005374260, 0x00000000053743f8]
Event: 0.753 Thread 0x00000000177df800  630       4       com.android.dx.ssa.NormalSsaInsn::accept (25 bytes)
Event: 0.753 Thread 0x00000000177e4800  631       4       com.android.dx.ssa.NormalSsaInsn::getOpcode (8 bytes)
Event: 0.753 Thread 0x00000000177e4800 nmethod 631 0x0000000005382b50 code [0x0000000005382c80, 0x0000000005382cf8]
Event: 0.754 Thread 0x00000000177df800 nmethod 630 0x0000000005382d90 code [0x0000000005382ee0, 0x0000000005382fe8]
Event: 0.762 Thread 0x00000000177e4800  639       4       java.util.HashMap::get (23 bytes)

GC Heap History (0 events):
No events

Deoptimization events (1 events):
Event: 0.729 Thread 0x0000000019423800 Uncommon trap: reason=unstable_if action=reinterpret pc=0x000000000533a4c8 method=java.util.HashMap.getNode(ILjava/lang/Object;)Ljava/util/HashMap$Node; @ 129

Internal exceptions (2 events):
Event: 0.080 Thread 0x0000000004ece000 Exception <a 'java/lang/NoSuchMethodError': Method sun.misc.Unsafe.defineClass(Ljava/lang/String;[BII)Ljava/lang/Class; name or signature does not match> (0x00000000eab07ca8) thrown at [C:\re\workspace\8-2-build-windows-amd64-cygwin\jdk8u151\9699\hotspot\
Event: 0.080 Thread 0x0000000004ece000 Exception <a 'java/lang/NoSuchMethodError': Method sun.misc.Unsafe.prefetchRead(Ljava/lang/Object;J)V name or signature does not match> (0x00000000eab07f90) thrown at [C:\re\workspace\8-2-build-windows-amd64-cygwin\jdk8u151\9699\hotspot\src\share\vm\prims

Events (10 events):
Event: 0.704 loading class java/util/TreeMap$EntrySet done
Event: 0.704 loading class java/util/TreeMap$EntryIterator
Event: 0.704 loading class java/util/TreeMap$EntryIterator done
Event: 0.729 Thread 0x0000000019423800 Uncommon trap: trap_request=0xffffff65 fr.pc=0x000000000533a4c8
Event: 0.729 Thread 0x0000000019423800 DEOPT PACKING pc=0x000000000533a4c8 sp=0x0000000019b2e540
Event: 0.729 Thread 0x0000000019423800 DEOPT UNPACKING pc=0x000000000515582a sp=0x0000000019b2e4b8 mode 2
Event: 0.758 loading class java/util/HashMap$Values
Event: 0.759 loading class java/util/HashMap$Values done
Event: 0.759 loading class java/util/HashMap$ValueIterator
Event: 0.759 loading class java/util/HashMap$ValueIterator done


Dynamic libraries:
0x00007ff73f670000 - 0x00007ff73f6a7000 	C:\Program Files\Java\jdk1.8.0_151\bin\java.exe
0x00007ffdc8d90000 - 0x00007ffdc8f70000 	C:\WINDOWS\SYSTEM32\ntdll.dll
0x00007ffdc7250000 - 0x00007ffdc72fe000 	C:\WINDOWS\System32\KERNEL32.DLL
0x00007ffdc5da0000 - 0x00007ffdc6006000 	C:\WINDOWS\System32\KERNELBASE.dll
0x00007ffdc71a0000 - 0x00007ffdc7241000 	C:\WINDOWS\System32\ADVAPI32.dll
0x00007ffdc7800000 - 0x00007ffdc789d000 	C:\WINDOWS\System32\msvcrt.dll
0x00007ffdc75a0000 - 0x00007ffdc75fb000 	C:\WINDOWS\System32\sechost.dll
0x00007ffdc6d30000 - 0x00007ffdc6e4f000 	C:\WINDOWS\System32\RPCRT4.dll
0x00007ffdc7300000 - 0x00007ffdc748f000 	C:\WINDOWS\System32\USER32.dll
0x00007ffdc5c80000 - 0x00007ffdc5ca0000 	C:\WINDOWS\System32\win32u.dll
0x00007ffdc6c00000 - 0x00007ffdc6c28000 	C:\WINDOWS\System32\GDI32.dll
0x00007ffdc60c0000 - 0x00007ffdc6253000 	C:\WINDOWS\System32\gdi32full.dll
0x00007ffdc5ca0000 - 0x00007ffdc5d3b000 	C:\WINDOWS\System32\msvcp_win.dll
0x00007ffdc5b80000 - 0x00007ffdc5c76000 	C:\WINDOWS\System32\ucrtbase.dll
0x00007ffdb7f50000 - 0x00007ffdb81b9000 	C:\WINDOWS\WinSxS\amd64_microsoft.windows.common-controls_6595b64144ccf1df_6.0.16299.248_none_15ced204935f55d7\COMCTL32.dll
0x00007ffdc6430000 - 0x00007ffdc6738000 	C:\WINDOWS\System32\combase.dll
0x00007ffdc5b00000 - 0x00007ffdc5b72000 	C:\WINDOWS\System32\bcryptPrimitives.dll
0x00007ffdc6c30000 - 0x00007ffdc6c5d000 	C:\WINDOWS\System32\IMM32.DLL
0x0000000077f20000 - 0x0000000077ff2000 	C:\Program Files\Java\jdk1.8.0_151\jre\bin\msvcr100.dll
0x0000000077680000 - 0x0000000077f1d000 	C:\Program Files\Java\jdk1.8.0_151\jre\bin\server\jvm.dll
0x00007ffdc7190000 - 0x00007ffdc7198000 	C:\WINDOWS\System32\PSAPI.DLL
0x00007ffdc3490000 - 0x00007ffdc3499000 	C:\WINDOWS\SYSTEM32\WSOCK32.dll
0x00007ffdc6e50000 - 0x00007ffdc6ebc000 	C:\WINDOWS\System32\WS2_32.dll
0x00007ffdc1c90000 - 0x00007ffdc1cb3000 	C:\WINDOWS\SYSTEM32\WINMM.dll
0x00007ffdb4530000 - 0x00007ffdb453a000 	C:\WINDOWS\SYSTEM32\VERSION.dll
0x00007ffdc1c30000 - 0x00007ffdc1c5a000 	C:\WINDOWS\SYSTEM32\WINMMBASE.dll
0x00007ffdc58e0000 - 0x00007ffdc592a000 	C:\WINDOWS\System32\cfgmgr32.dll
0x0000000050040000 - 0x000000005004f000 	C:\Program Files\Java\jdk1.8.0_151\jre\bin\verify.dll
0x0000000050010000 - 0x0000000050039000 	C:\Program Files\Java\jdk1.8.0_151\jre\bin\java.dll
0x0000000077660000 - 0x0000000077676000 	C:\Program Files\Java\jdk1.8.0_151\jre\bin\zip.dll
0x00007ffdc7920000 - 0x00007ffdc8d56000 	C:\WINDOWS\System32\SHELL32.dll
0x00007ffdc6f60000 - 0x00007ffdc7006000 	C:\WINDOWS\System32\shcore.dll
0x00007ffdc5190000 - 0x00007ffdc58d7000 	C:\WINDOWS\System32\windows.storage.dll
0x00007ffdc7600000 - 0x00007ffdc7651000 	C:\WINDOWS\System32\shlwapi.dll
0x00007ffdc5170000 - 0x00007ffdc5181000 	C:\WINDOWS\System32\kernel.appcore.dll
0x00007ffdc50e0000 - 0x00007ffdc512c000 	C:\WINDOWS\System32\powrprof.dll
0x00007ffdc5130000 - 0x00007ffdc514b000 	C:\WINDOWS\System32\profapi.dll

VM Arguments:
jvm_args: -Djava.awt.headless=true -Xmx1024M -Dfile.encoding=windows-1252 -Duser.country=IN -Duser.language=en -Duser.variant 
java_command: com.android.dx.command.Main --dex --num-threads=4 --output C:\temp\myapp\android\app\build\intermediates\pre-dexed\debug\bolts-tasks-1.4.0_fefb60fd3b6f7ba3140f40d2253949af0577bd7c.jar C:\Users\Munna Singh\.gradle\caches\modules-2\files-2.1\com.parse.bolts\bolts-tasks\1.4.0\d85884acf6810a3bbbecb587f239005cbc846dc4\bolts-tasks-1.4.0.jar
java_class_path (initial): D:\AndroidSDK\build-tools\27.0.3\lib\dx.jar
Launcher Type: SUN_STANDARD

Environment Variables:
CLASSPATH=C:\temp\myapp\android\\gradle\wrapper\gradle-wrapper.jar
PATH=C:\ProgramData\Oracle\Java\javapath;C:\WINDOWS\system32;C:\WINDOWS;C:\WINDOWS\System32\Wbem;C:\WINDOWS\System32\WindowsPowerShell\v1.0\;C:\HashiCorp\Vagrant\bin;C:\Program Files (x86)\Skype\Phone\;C:\Program Files\dotnet\;D:\Program Files\nodejs\;D:\Program Files\Git\cmd;D:\cygwin64\bin;C:\Users\Munna Singh\.dnx\bin;C:\Program Files\Microsoft DNX\Dnvm\;C:\Program Files\Microsoft SQL Server\110\Tools\Binn\;D:\sqlserver\110\Tools\Binn\;C:\Program Files\Microsoft SQL Server\110\DTS\Binn\;C:\Program Files (x86)\Microsoft SQL Server\100\Tools\Binn\VSShell\Common7\IDE\;C:\Program Files (x86)\Microsoft SQL Server\100\Tools\Binn\;C:\Program Files\Microsoft SQL Server\100\Tools\Binn\;C:\Program Files (x86)\Microsoft SQL Server\100\DTS\Binn\;C:\Program Files\Microsoft SQL Server\130\Tools\Binn\;C:\Program Files (x86)\Windows Kits\10\Windows Performance Toolkit\;C:\Program Files\TortoiseGit\bin;D:\AndroidSDK\tools;D:\AndroidSDK\platform-tools;C:\Users\Munna Singh\AppData\Local\Microsoft\WindowsApps;D:\Program Files\Microsoft VS Code\bin;C:\Users\Munna Singh\AppData\Roaming\npm;C:\Users\Munna Singh\AppData\Local\GitHubDesktop\bin;%USERPROFILE%\AppData\Local\Microsoft\WindowsApps;
USERNAME=Munna Singh
OS=Windows_NT
PROCESSOR_IDENTIFIER=Intel64 Family 6 Model 61 Stepping 4, GenuineIntel



---------------  S Y S T E M  ---------------

OS: Windows 10.0 , 64 bit Build 16299 (10.0.16299.15)

CPU:total 4 (initial active 4) (2 cores per cpu, 2 threads per core) family 6 model 61 stepping 4, cmov, cx8, fxsr, mmx, sse, sse2, sse3, ssse3, sse4.1, sse4.2, popcnt, avx, avx2, aes, clmul, erms, rtm, 3dnowpref, lzcnt, ht, tsc, tscinvbit, bmi1, bmi2, adx

Memory: 4k page, physical 16663092k(1631228k free), swap 35056720k(4096k free)

vm_info: Java HotSpot(TM) 64-Bit Server VM (25.151-b12) for windows-amd64 JRE (1.8.0_151-b12), built on Sep  5 2017 19:33:46 by "java_re" with MS VC++ 10.0 (VS2010)

time: Tue Mar 06 18:48:56 2018
elapsed time: 0 seconds (0d 0h 0m 0s)

