#
# There is insufficient memory for the Java Runtime Environment to continue.
# Native memory allocation (malloc) failed to allocate 32744 bytes for ChunkPool::allocate
# Possible reasons:
#   The system is out of physical RAM or swap space
#   In 32 bit mode, the process size limit was hit
# Possible solutions:
#   Reduce memory load on the system
#   Increase physical memory or swap space
#   Check if swap backing store is full
#   Use 64 bit Java on a 64 bit OS
#   Decrease Java heap size (-Xmx/-Xms)
#   Decrease number of Java threads
#   Decrease Java thread stack sizes (-Xss)
#   Set larger code cache with -XX:ReservedCodeCacheSize=
# This output file may be truncated or incomplete.
#
#  Out of Memory Error (allocation.cpp:273), pid=6624, tid=0x0000000000003720
#
# JRE version: Java(TM) SE Runtime Environment (8.0_151-b12) (build 1.8.0_151-b12)
# Java VM: Java HotSpot(TM) 64-Bit Server VM (25.151-b12 mixed mode windows-amd64 compressed oops)
# Failed to write core dump. Minidumps are not enabled by default on client versions of Windows
#

---------------  T H R E A D  ---------------

Current thread (0x0000000017229800):  JavaThread "C1 CompilerThread2" daemon [_thread_in_native, id=14112, stack(0x0000000018f20000,0x0000000019020000)]

Stack: [0x0000000018f20000,0x0000000019020000]
[error occurred during error reporting (printing stack bounds), id 0xc0000005]

Native frames: (J=compiled Java code, j=interpreted, Vv=VM code, C=native code)


Current CompileTask:
C1:    712  195   !   3       com.android.dx.cf.cst.ConstantPoolParser::parse0 (1008 bytes)


---------------  P R O C E S S  ---------------

Java Threads: ( => current thread )
  0x0000000018db5800 JavaThread "pool-1-thread-4" [_thread_new, id=26400, stack(0x0000000000000000,0x0000000000000000)]
  0x0000000018db3000 JavaThread "pool-1-thread-3" [_thread_new, id=15024, stack(0x0000000000000000,0x0000000000000000)]
  0x0000000018db2000 JavaThread "pool-1-thread-2" [_thread_new, id=9364, stack(0x0000000000000000,0x0000000000000000)]
  0x0000000018daf800 JavaThread "pool-2-thread-1" [_thread_new, id=12472, stack(0x0000000000000000,0x0000000000000000)]
  0x0000000018dae800 JavaThread "pool-1-thread-1" [_thread_new, id=6340, stack(0x0000000000000000,0x0000000000000000)]
  0x000000001722c800 JavaThread "Service Thread" daemon [_thread_blocked, id=24560, stack(0x0000000019020000,0x0000000019120000)]
=>0x0000000017229800 JavaThread "C1 CompilerThread2" daemon [_thread_in_native, id=14112, stack(0x0000000018f20000,0x0000000019020000)]
  0x00000000171d4800 JavaThread "C2 CompilerThread1" daemon [_thread_blocked, id=23000, stack(0x0000000018a20000,0x0000000018b20000)]
  0x00000000171cf800 JavaThread "C2 CompilerThread0" daemon [_thread_blocked, id=19252, stack(0x0000000018920000,0x0000000018a20000)]
  0x00000000171cd000 JavaThread "Attach Listener" daemon [_thread_blocked, id=20320, stack(0x0000000018820000,0x0000000018920000)]
  0x00000000171cc000 JavaThread "Signal Dispatcher" daemon [_thread_blocked, id=25976, stack(0x0000000018720000,0x0000000018820000)]
  0x00000000171ba000 JavaThread "Finalizer" daemon [_thread_blocked, id=25836, stack(0x0000000018430000,0x0000000018530000)]
  0x0000000017199000 JavaThread "Reference Handler" daemon [_thread_blocked, id=24452, stack(0x0000000018330000,0x0000000018430000)]
  0x00000000049fe000 JavaThread "main" [_thread_in_vm, id=19124, stack(0x0000000004880000,0x0000000004980000)]

Other Threads:
  0x0000000017197000 VMThread [stack: 0x0000000018230000,0x0000000018330000] [id=21304]
  0x0000000018b3b800 WatcherThread [stack: 0x0000000019120000,0x0000000019220000] [id=10312]

VM state:not at safepoint (normal execution)

VM Mutex/Monitor currently owned by a thread: None

Heap:
 PSYoungGen      total 76288K, used 5306K [0x00000000eab00000, 0x00000000f0000000, 0x0000000100000000)
  eden space 65536K, 8% used [0x00000000eab00000,0x00000000eb02ebf0,0x00000000eeb00000)
  from space 10752K, 0% used [0x00000000ef580000,0x00000000ef580000,0x00000000f0000000)
  to   space 10752K, 0% used [0x00000000eeb00000,0x00000000eeb00000,0x00000000ef580000)
 ParOldGen       total 175104K, used 0K [0x00000000c0000000, 0x00000000cab00000, 0x00000000eab00000)
  object space 175104K, 0% used [0x00000000c0000000,0x00000000c0000000,0x00000000cab00000)
 Metaspace       used 4146K, capacity 5168K, committed 5376K, reserved 1056768K
  class space    used 470K, capacity 488K, committed 512K, reserved 1048576K

Card table byte_map: [0x0000000013ec0000,0x00000000140d0000] byte_map_base: 0x00000000138c0000

Marking Bits: (ParMarkBitMap*) 0x0000000077e9d850
 Begin Bits: [0x0000000014630000, 0x0000000015630000)
 End Bits:   [0x0000000015630000, 0x0000000016630000)

Polling page: 0x00000000030a0000

CodeCache: size=245760Kb used=1484Kb max_used=1496Kb free=244275Kb
 bounds [0x0000000004b00000, 0x0000000004d70000, 0x0000000013b00000]
 total_blobs=456 nmethods=196 adapters=173
 compilation: enabled

Compilation events (10 events):
Event: 0.702 Thread 0x0000000017229800  191       3       com.android.dx.rop.cst.CstString::utf8BytesToString (391 bytes)
Event: 0.704 Thread 0x0000000017229800 nmethod 191 0x0000000004c6f450 code [0x0000000004c6f700, 0x0000000004c70878]
Event: 0.704 Thread 0x0000000017229800  192       3       com.android.dx.rop.cst.StdConstantPool::set (123 bytes)
Event: 0.704 Thread 0x0000000017229800 nmethod 192 0x0000000004c71310 code [0x0000000004c71540, 0x0000000004c72248]
Event: 0.704 Thread 0x0000000017229800  193       1       com.android.dx.rop.cst.CstString::getString (5 bytes)
Event: 0.704 Thread 0x0000000017229800 nmethod 193 0x0000000004c72810 code [0x0000000004c72960, 0x0000000004c72a70]
Event: 0.704 Thread 0x0000000017229800  195   !   3       com.android.dx.cf.cst.ConstantPoolParser::parse0 (1008 bytes)
Event: 0.706 Thread 0x00000000171d4800  196       4       com.android.dx.util.ByteArray::checkOffsets (66 bytes)
Event: 0.706 Thread 0x00000000171d4800 nmethod 196 0x0000000004c75b10 code [0x0000000004c75c40, 0x0000000004c75cf8]
Event: 0.708 Thread 0x00000000171cf800  201       4       com.android.dx.util.ByteArray::getUnsignedByte (14 bytes)

GC Heap History (0 events):
No events

Deoptimization events (0 events):
No events

Internal exceptions (2 events):
Event: 0.103 Thread 0x00000000049fe000 Exception <a 'java/lang/NoSuchMethodError': Method sun.misc.Unsafe.defineClass(Ljava/lang/String;[BII)Ljava/lang/Class; name or signature does not match> (0x00000000eab07ca8) thrown at [C:\re\workspace\8-2-build-windows-amd64-cygwin\jdk8u151\9699\hotspot\
Event: 0.103 Thread 0x00000000049fe000 Exception <a 'java/lang/NoSuchMethodError': Method sun.misc.Unsafe.prefetchRead(Ljava/lang/Object;J)V name or signature does not match> (0x00000000eab07f90) thrown at [C:\re\workspace\8-2-build-windows-amd64-cygwin\jdk8u151\9699\hotspot\src\share\vm\prims

Events (10 events):
Event: 0.703 loading class com/android/dx/cf/attrib/AttEnclosingMethod done
Event: 0.704 Thread 0x0000000018db2000 Thread added: 0x0000000018db2000
Event: 0.705 loading class com/android/dx/cf/attrib/AttSignature
Event: 0.705 loading class com/android/dx/cf/attrib/AttSignature done
Event: 0.705 Thread 0x0000000018db3000 Thread added: 0x0000000018db3000
Event: 0.707 loading class com/android/dx/cf/attrib/AttConstantValue
Event: 0.707 loading class com/android/dx/cf/attrib/AttConstantValue done
Event: 0.708 Thread 0x0000000018db5800 Thread added: 0x0000000018db5800
Event: 0.709 loading class com/android/dx/cf/attrib/AttExceptions
Event: 0.709 loading class com/android/dx/cf/attrib/AttExceptions done


Dynamic libraries:
0x00007ff73f670000 - 0x00007ff73f6a7000 	C:\Program Files\Java\jdk1.8.0_151\bin\java.exe
0x00007ffdc8d90000 - 0x00007ffdc8f70000 	C:\WINDOWS\SYSTEM32\ntdll.dll
0x00007ffdc7250000 - 0x00007ffdc72fe000 	C:\WINDOWS\System32\KERNEL32.DLL
0x00007ffdc5da0000 - 0x00007ffdc6006000 	C:\WINDOWS\System32\KERNELBASE.dll
0x00007ffdc71a0000 - 0x00007ffdc7241000 	C:\WINDOWS\System32\ADVAPI32.dll
0x00007ffdc7800000 - 0x00007ffdc789d000 	C:\WINDOWS\System32\msvcrt.dll
0x00007ffdc75a0000 - 0x00007ffdc75fb000 	C:\WINDOWS\System32\sechost.dll
0x00007ffdc6d30000 - 0x00007ffdc6e4f000 	C:\WINDOWS\System32\RPCRT4.dll
0x00007ffdc7300000 - 0x00007ffdc748f000 	C:\WINDOWS\System32\USER32.dll
0x00007ffdc5c80000 - 0x00007ffdc5ca0000 	C:\WINDOWS\System32\win32u.dll
0x00007ffdc6c00000 - 0x00007ffdc6c28000 	C:\WINDOWS\System32\GDI32.dll
0x00007ffdc60c0000 - 0x00007ffdc6253000 	C:\WINDOWS\System32\gdi32full.dll
0x00007ffdc5ca0000 - 0x00007ffdc5d3b000 	C:\WINDOWS\System32\msvcp_win.dll
0x00007ffdc5b80000 - 0x00007ffdc5c76000 	C:\WINDOWS\System32\ucrtbase.dll
0x00007ffdb7f50000 - 0x00007ffdb81b9000 	C:\WINDOWS\WinSxS\amd64_microsoft.windows.common-controls_6595b64144ccf1df_6.0.16299.248_none_15ced204935f55d7\COMCTL32.dll
0x00007ffdc6430000 - 0x00007ffdc6738000 	C:\WINDOWS\System32\combase.dll
0x00007ffdc5b00000 - 0x00007ffdc5b72000 	C:\WINDOWS\System32\bcryptPrimitives.dll
0x00007ffdc6c30000 - 0x00007ffdc6c5d000 	C:\WINDOWS\System32\IMM32.DLL
0x0000000077f20000 - 0x0000000077ff2000 	C:\Program Files\Java\jdk1.8.0_151\jre\bin\msvcr100.dll
0x0000000077680000 - 0x0000000077f1d000 	C:\Program Files\Java\jdk1.8.0_151\jre\bin\server\jvm.dll
0x00007ffdc7190000 - 0x00007ffdc7198000 	C:\WINDOWS\System32\PSAPI.DLL
0x00007ffdc3490000 - 0x00007ffdc3499000 	C:\WINDOWS\SYSTEM32\WSOCK32.dll
0x00007ffdc6e50000 - 0x00007ffdc6ebc000 	C:\WINDOWS\System32\WS2_32.dll
0x00007ffdc1c90000 - 0x00007ffdc1cb3000 	C:\WINDOWS\SYSTEM32\WINMM.dll
0x00007ffdb4530000 - 0x00007ffdb453a000 	C:\WINDOWS\SYSTEM32\VERSION.dll
0x00007ffdc1c30000 - 0x00007ffdc1c5a000 	C:\WINDOWS\SYSTEM32\WINMMBASE.dll
0x00007ffdc58e0000 - 0x00007ffdc592a000 	C:\WINDOWS\System32\cfgmgr32.dll
0x0000000050040000 - 0x000000005004f000 	C:\Program Files\Java\jdk1.8.0_151\jre\bin\verify.dll
0x0000000050010000 - 0x0000000050039000 	C:\Program Files\Java\jdk1.8.0_151\jre\bin\java.dll
0x0000000077660000 - 0x0000000077676000 	C:\Program Files\Java\jdk1.8.0_151\jre\bin\zip.dll
0x00007ffdc7920000 - 0x00007ffdc8d56000 	C:\WINDOWS\System32\SHELL32.dll
0x00007ffdc6f60000 - 0x00007ffdc7006000 	C:\WINDOWS\System32\shcore.dll
0x00007ffdc5190000 - 0x00007ffdc58d7000 	C:\WINDOWS\System32\windows.storage.dll
0x00007ffdc7600000 - 0x00007ffdc7651000 	C:\WINDOWS\System32\shlwapi.dll
0x00007ffdc5170000 - 0x00007ffdc5181000 	C:\WINDOWS\System32\kernel.appcore.dll
0x00007ffdc50e0000 - 0x00007ffdc512c000 	C:\WINDOWS\System32\powrprof.dll
0x00007ffdc5130000 - 0x00007ffdc514b000 	C:\WINDOWS\System32\profapi.dll

VM Arguments:
jvm_args: -Djava.awt.headless=true -Xmx1024M -Dfile.encoding=windows-1252 -Duser.country=IN -Duser.language=en -Duser.variant 
java_command: com.android.dx.command.Main --dex --num-threads=4 --output C:\temp\myapp\android\app\build\intermediates\pre-dexed\debug\classes_f9cc0b7c4cf66e38400f4d4e46e6220336e36a3b.jar C:\Users\Munna Singh\.android\build-cache\20b559a280970211f96f2acca03fe2547c84749e\output\jars\classes.jar
java_class_path (initial): D:\AndroidSDK\build-tools\27.0.3\lib\dx.jar
Launcher Type: SUN_STANDARD

Environment Variables:
CLASSPATH=C:\temp\myapp\android\\gradle\wrapper\gradle-wrapper.jar
PATH=C:\ProgramData\Oracle\Java\javapath;C:\WINDOWS\system32;C:\WINDOWS;C:\WINDOWS\System32\Wbem;C:\WINDOWS\System32\WindowsPowerShell\v1.0\;C:\HashiCorp\Vagrant\bin;C:\Program Files (x86)\Skype\Phone\;C:\Program Files\dotnet\;D:\Program Files\nodejs\;D:\Program Files\Git\cmd;D:\cygwin64\bin;C:\Users\Munna Singh\.dnx\bin;C:\Program Files\Microsoft DNX\Dnvm\;C:\Program Files\Microsoft SQL Server\110\Tools\Binn\;D:\sqlserver\110\Tools\Binn\;C:\Program Files\Microsoft SQL Server\110\DTS\Binn\;C:\Program Files (x86)\Microsoft SQL Server\100\Tools\Binn\VSShell\Common7\IDE\;C:\Program Files (x86)\Microsoft SQL Server\100\Tools\Binn\;C:\Program Files\Microsoft SQL Server\100\Tools\Binn\;C:\Program Files (x86)\Microsoft SQL Server\100\DTS\Binn\;C:\Program Files\Microsoft SQL Server\130\Tools\Binn\;C:\Program Files (x86)\Windows Kits\10\Windows Performance Toolkit\;C:\Program Files\TortoiseGit\bin;D:\AndroidSDK\tools;D:\AndroidSDK\platform-tools;C:\Users\Munna Singh\AppData\Local\Microsoft\WindowsApps;D:\Program Files\Microsoft VS Code\bin;C:\Users\Munna Singh\AppData\Roaming\npm;C:\Users\Munna Singh\AppData\Local\GitHubDesktop\bin;%USERPROFILE%\AppData\Local\Microsoft\WindowsApps;
USERNAME=Munna Singh
OS=Windows_NT
PROCESSOR_IDENTIFIER=Intel64 Family 6 Model 61 Stepping 4, GenuineIntel



---------------  S Y S T E M  ---------------

OS: Windows 10.0 , 64 bit Build 16299 (10.0.16299.15)

CPU:total 4 (initial active 4) (2 cores per cpu, 2 threads per core) family 6 model 61 stepping 4, cmov, cx8, fxsr, mmx, sse, sse2, sse3, ssse3, sse4.1, sse4.2, popcnt, avx, avx2, aes, clmul, erms, rtm, 3dnowpref, lzcnt, ht, tsc, tscinvbit, bmi1, bmi2, adx

Memory: 4k page, physical 16663092k(1628368k free), swap 35056720k(480k free)

vm_info: Java HotSpot(TM) 64-Bit Server VM (25.151-b12) for windows-amd64 JRE (1.8.0_151-b12), built on Sep  5 2017 19:33:46 by "java_re" with MS VC++ 10.0 (VS2010)

time: Tue Mar 06 18:48:56 2018
elapsed time: 0 seconds (0d 0h 0m 0s)

