#
# There is insufficient memory for the Java Runtime Environment to continue.
# Native memory allocation (malloc) failed to allocate 32744 bytes for ChunkPool::allocate
# Possible reasons:
#   The system is out of physical RAM or swap space
#   In 32 bit mode, the process size limit was hit
# Possible solutions:
#   Reduce memory load on the system
#   Increase physical memory or swap space
#   Check if swap backing store is full
#   Use 64 bit Java on a 64 bit OS
#   Decrease Java heap size (-Xmx/-Xms)
#   Decrease number of Java threads
#   Decrease Java thread stack sizes (-Xss)
#   Set larger code cache with -XX:ReservedCodeCacheSize=
# This output file may be truncated or incomplete.
#
#  Out of Memory Error (allocation.cpp:273), pid=8536, tid=0x0000000000005fd0
#
# JRE version: Java(TM) SE Runtime Environment (8.0_151-b12) (build 1.8.0_151-b12)
# Java VM: Java HotSpot(TM) 64-Bit Server VM (25.151-b12 mixed mode windows-amd64 compressed oops)
# Failed to write core dump. Minidumps are not enabled by default on client versions of Windows
#

---------------  T H R E A D  ---------------

Current thread (0x00000000043ee000):  JavaThread "main" [_thread_in_vm, id=24528, stack(0x0000000004450000,0x0000000004550000)]

Stack: [0x0000000004450000,0x0000000004550000]
[error occurred during error reporting (printing stack bounds), id 0xc0000005]

Native frames: (J=compiled Java code, j=interpreted, Vv=VM code, C=native code)

Java frames: (J=compiled Java code, j=interpreted, Vv=VM code)
j  java.lang.ClassLoader.defineClass1(Ljava/lang/String;[BIILjava/security/ProtectionDomain;Ljava/lang/String;)Ljava/lang/Class;+0
j  java.lang.ClassLoader.defineClass(Ljava/lang/String;[BIILjava/security/ProtectionDomain;)Ljava/lang/Class;+27
j  java.security.SecureClassLoader.defineClass(Ljava/lang/String;[BIILjava/security/CodeSource;)Ljava/lang/Class;+12
j  java.net.URLClassLoader.defineClass(Ljava/lang/String;Lsun/misc/Resource;)Ljava/lang/Class;+138
j  java.net.URLClassLoader.access$100(Ljava/net/URLClassLoader;Ljava/lang/String;Lsun/misc/Resource;)Ljava/lang/Class;+3
j  java.net.URLClassLoader$1.run()Ljava/lang/Class;+43
j  java.net.URLClassLoader$1.run()Ljava/lang/Object;+1
v  ~StubRoutines::call_stub
j  java.security.AccessController.doPrivileged(Ljava/security/PrivilegedExceptionAction;Ljava/security/AccessControlContext;)Ljava/lang/Object;+0
j  java.net.URLClassLoader.findClass(Ljava/lang/String;)Ljava/lang/Class;+13
j  java.lang.ClassLoader.loadClass(Ljava/lang/String;Z)Ljava/lang/Class;+70
j  sun.misc.Launcher$AppClassLoader.loadClass(Ljava/lang/String;Z)Ljava/lang/Class;+81
j  java.lang.ClassLoader.loadClass(Ljava/lang/String;)Ljava/lang/Class;+3
v  ~StubRoutines::call_stub
j  com.android.dx.command.dexer.Main.createDexFile()V+1
j  com.android.dx.command.dexer.Main.processAllFiles()Z+1
j  com.android.dx.command.dexer.Main.runMonoDex()I+67
j  com.android.dx.command.dexer.Main.runDx(Lcom/android/dx/command/dexer/Main$Arguments;)I+88
j  com.android.dx.command.dexer.Main.main([Ljava/lang/String;)V+31
j  com.android.dx.command.Main.main([Ljava/lang/String;)V+61
v  ~StubRoutines::call_stub

---------------  P R O C E S S  ---------------

Java Threads: ( => current thread )
  0x0000000018761000 JavaThread "Service Thread" daemon [_thread_blocked, id=13192, stack(0x0000000018c60000,0x0000000018d60000)]
  0x0000000018760800 JavaThread "C1 CompilerThread2" daemon [_thread_blocked, id=544, stack(0x0000000018b60000,0x0000000018c60000)]
  0x0000000016e24800 JavaThread "C2 CompilerThread1" daemon [_thread_blocked, id=13276, stack(0x0000000018660000,0x0000000018760000)]
  0x0000000016e1f800 JavaThread "C2 CompilerThread0" daemon [_thread_blocked, id=22900, stack(0x0000000018560000,0x0000000018660000)]
  0x0000000016e1d000 JavaThread "Attach Listener" daemon [_thread_blocked, id=19788, stack(0x0000000018460000,0x0000000018560000)]
  0x0000000016e1c000 JavaThread "Signal Dispatcher" daemon [_thread_blocked, id=6356, stack(0x0000000018360000,0x0000000018460000)]
  0x0000000016e0a800 JavaThread "Finalizer" daemon [_thread_blocked, id=20028, stack(0x0000000018070000,0x0000000018170000)]
  0x0000000004740000 JavaThread "Reference Handler" daemon [_thread_blocked, id=24608, stack(0x0000000017f70000,0x0000000018070000)]
=>0x00000000043ee000 JavaThread "main" [_thread_in_vm, id=24528, stack(0x0000000004450000,0x0000000004550000)]

Other Threads:
  0x0000000016de8000 VMThread [stack: 0x0000000017e70000,0x0000000017f70000] [id=9416]
  0x0000000018768800 WatcherThread [stack: 0x0000000018d60000,0x0000000018e60000] [id=21208]

VM state:not at safepoint (normal execution)

VM Mutex/Monitor currently owned by a thread: None

Heap:
 PSYoungGen      total 76288K, used 2621K [0x00000000eab00000, 0x00000000f0000000, 0x0000000100000000)
  eden space 65536K, 4% used [0x00000000eab00000,0x00000000ead8f5e8,0x00000000eeb00000)
  from space 10752K, 0% used [0x00000000ef580000,0x00000000ef580000,0x00000000f0000000)
  to   space 10752K, 0% used [0x00000000eeb00000,0x00000000eeb00000,0x00000000ef580000)
 ParOldGen       total 175104K, used 0K [0x00000000c0000000, 0x00000000cab00000, 0x00000000eab00000)
  object space 175104K, 0% used [0x00000000c0000000,0x00000000c0000000,0x00000000cab00000)
 Metaspace       used 3152K, capacity 4656K, committed 4864K, reserved 1056768K
  class space    used 344K, capacity 424K, committed 512K, reserved 1048576K

Card table byte_map: [0x0000000013b10000,0x0000000013d20000] byte_map_base: 0x0000000013510000

Marking Bits: (ParMarkBitMap*) 0x0000000077e9d850
 Begin Bits: [0x0000000014280000, 0x0000000015280000)
 End Bits:   [0x0000000015280000, 0x0000000016280000)

Polling page: 0x0000000004390000

CodeCache: size=245760Kb used=1156Kb max_used=1156Kb free=244603Kb
 bounds [0x0000000004750000, 0x00000000049c0000, 0x0000000013750000]
 total_blobs=287 nmethods=50 adapters=150
 compilation: enabled

Compilation events (10 events):
Event: 0.551 Thread 0x0000000018760800 nmethod 41 0x0000000004869490 code [0x0000000004869640, 0x0000000004869ad8]
Event: 0.555 Thread 0x0000000018760800   42       1       java.net.URL::getHost (5 bytes)
Event: 0.555 Thread 0x0000000018760800 nmethod 42 0x0000000004869d10 code [0x0000000004869e60, 0x0000000004869f70]
Event: 0.556 Thread 0x0000000018760800   43       1       java.net.URL::getProtocol (5 bytes)
Event: 0.556 Thread 0x0000000018760800 nmethod 43 0x000000000486a210 code [0x000000000486a360, 0x000000000486a470]
Event: 0.556 Thread 0x0000000018760800   44       3       java.lang.AbstractStringBuilder::append (50 bytes)
Event: 0.557 Thread 0x0000000018760800 nmethod 44 0x000000000486a4d0 code [0x000000000486a6a0, 0x000000000486adf8]
Event: 0.557 Thread 0x0000000018760800   45       3       java.util.concurrent.ConcurrentHashMap::setTabAt (19 bytes)
Event: 0.557 Thread 0x0000000018760800 nmethod 45 0x000000000486b4d0 code [0x000000000486b620, 0x000000000486b790]
Event: 0.559 Thread 0x0000000018760800   48  s!   3       sun.misc.URLClassPath::getLoader (243 bytes)

GC Heap History (0 events):
No events

Deoptimization events (0 events):
No events

Internal exceptions (2 events):
Event: 0.159 Thread 0x00000000043ee000 Exception <a 'java/lang/NoSuchMethodError': Method sun.misc.Unsafe.defineClass(Ljava/lang/String;[BII)Ljava/lang/Class; name or signature does not match> (0x00000000eab07ca8) thrown at [C:\re\workspace\8-2-build-windows-amd64-cygwin\jdk8u151\9699\hotspot\
Event: 0.159 Thread 0x00000000043ee000 Exception <a 'java/lang/NoSuchMethodError': Method sun.misc.Unsafe.prefetchRead(Ljava/lang/Object;J)V name or signature does not match> (0x00000000eab07f90) thrown at [C:\re\workspace\8-2-build-windows-amd64-cygwin\jdk8u151\9699\hotspot\src\share\vm\prims

Events (10 events):
Event: 0.558 loading class com/android/dx/command/dexer/Main$Arguments$ArgumentsParser
Event: 0.558 loading class com/android/dx/command/dexer/Main$Arguments$ArgumentsParser done
Event: 0.559 loading class com/android/dex/util/FileUtils
Event: 0.559 loading class com/android/dex/util/FileUtils done
Event: 0.559 loading class com/android/dx/dex/cf/CfOptions
Event: 0.559 loading class com/android/dx/dex/cf/CfOptions done
Event: 0.560 loading class com/android/dx/dex/DexOptions
Event: 0.560 loading class com/android/dx/dex/DexOptions done
Event: 0.560 loading class com/android/dx/dex/file/DexFile
Event: 0.560 loading class com/android/dx/dex/file/DexFile done


Dynamic libraries:
0x00007ff73f670000 - 0x00007ff73f6a7000 	C:\Program Files\Java\jdk1.8.0_151\bin\java.exe
0x00007ffdc8d90000 - 0x00007ffdc8f70000 	C:\WINDOWS\SYSTEM32\ntdll.dll
0x00007ffdc7250000 - 0x00007ffdc72fe000 	C:\WINDOWS\System32\KERNEL32.DLL
0x00007ffdc5da0000 - 0x00007ffdc6006000 	C:\WINDOWS\System32\KERNELBASE.dll
0x00007ffdc71a0000 - 0x00007ffdc7241000 	C:\WINDOWS\System32\ADVAPI32.dll
0x00007ffdc7800000 - 0x00007ffdc789d000 	C:\WINDOWS\System32\msvcrt.dll
0x00007ffdc75a0000 - 0x00007ffdc75fb000 	C:\WINDOWS\System32\sechost.dll
0x00007ffdc6d30000 - 0x00007ffdc6e4f000 	C:\WINDOWS\System32\RPCRT4.dll
0x00007ffdc7300000 - 0x00007ffdc748f000 	C:\WINDOWS\System32\USER32.dll
0x00007ffdc5c80000 - 0x00007ffdc5ca0000 	C:\WINDOWS\System32\win32u.dll
0x00007ffdc6c00000 - 0x00007ffdc6c28000 	C:\WINDOWS\System32\GDI32.dll
0x00007ffdc60c0000 - 0x00007ffdc6253000 	C:\WINDOWS\System32\gdi32full.dll
0x00007ffdc5ca0000 - 0x00007ffdc5d3b000 	C:\WINDOWS\System32\msvcp_win.dll
0x00007ffdc5b80000 - 0x00007ffdc5c76000 	C:\WINDOWS\System32\ucrtbase.dll
0x00007ffdb7f50000 - 0x00007ffdb81b9000 	C:\WINDOWS\WinSxS\amd64_microsoft.windows.common-controls_6595b64144ccf1df_6.0.16299.248_none_15ced204935f55d7\COMCTL32.dll
0x00007ffdc6430000 - 0x00007ffdc6738000 	C:\WINDOWS\System32\combase.dll
0x00007ffdc5b00000 - 0x00007ffdc5b72000 	C:\WINDOWS\System32\bcryptPrimitives.dll
0x00007ffdc6c30000 - 0x00007ffdc6c5d000 	C:\WINDOWS\System32\IMM32.DLL
0x0000000077f20000 - 0x0000000077ff2000 	C:\Program Files\Java\jdk1.8.0_151\jre\bin\msvcr100.dll
0x0000000077680000 - 0x0000000077f1d000 	C:\Program Files\Java\jdk1.8.0_151\jre\bin\server\jvm.dll
0x00007ffdc7190000 - 0x00007ffdc7198000 	C:\WINDOWS\System32\PSAPI.DLL
0x00007ffdc3490000 - 0x00007ffdc3499000 	C:\WINDOWS\SYSTEM32\WSOCK32.dll
0x00007ffdc6e50000 - 0x00007ffdc6ebc000 	C:\WINDOWS\System32\WS2_32.dll
0x00007ffdc1c90000 - 0x00007ffdc1cb3000 	C:\WINDOWS\SYSTEM32\WINMM.dll
0x00007ffdb4530000 - 0x00007ffdb453a000 	C:\WINDOWS\SYSTEM32\VERSION.dll
0x00007ffdc1c30000 - 0x00007ffdc1c5a000 	C:\WINDOWS\SYSTEM32\WINMMBASE.dll
0x00007ffdc58e0000 - 0x00007ffdc592a000 	C:\WINDOWS\System32\cfgmgr32.dll
0x0000000050040000 - 0x000000005004f000 	C:\Program Files\Java\jdk1.8.0_151\jre\bin\verify.dll
0x0000000050010000 - 0x0000000050039000 	C:\Program Files\Java\jdk1.8.0_151\jre\bin\java.dll
0x0000000077660000 - 0x0000000077676000 	C:\Program Files\Java\jdk1.8.0_151\jre\bin\zip.dll
0x00007ffdc7920000 - 0x00007ffdc8d56000 	C:\WINDOWS\System32\SHELL32.dll
0x00007ffdc6f60000 - 0x00007ffdc7006000 	C:\WINDOWS\System32\shcore.dll
0x00007ffdc5190000 - 0x00007ffdc58d7000 	C:\WINDOWS\System32\windows.storage.dll
0x00007ffdc7600000 - 0x00007ffdc7651000 	C:\WINDOWS\System32\shlwapi.dll
0x00007ffdc5170000 - 0x00007ffdc5181000 	C:\WINDOWS\System32\kernel.appcore.dll
0x00007ffdc50e0000 - 0x00007ffdc512c000 	C:\WINDOWS\System32\powrprof.dll
0x00007ffdc5130000 - 0x00007ffdc514b000 	C:\WINDOWS\System32\profapi.dll

VM Arguments:
jvm_args: -Djava.awt.headless=true -Xmx1024M -Dfile.encoding=windows-1252 -Duser.country=IN -Duser.language=en -Duser.variant 
java_command: com.android.dx.command.Main --dex --num-threads=4 --output C:\temp\myapp\android\app\build\intermediates\pre-dexed\debug\javax.inject-1_9be667fa79345c296cbee01be7b99c69f587baeb.jar C:\Users\Munna Singh\.gradle\caches\modules-2\files-2.1\javax.inject\javax.inject\1\6975da39a7040257bd51d21a231b76c915872d38\javax.inject-1.jar
java_class_path (initial): D:\AndroidSDK\build-tools\27.0.3\lib\dx.jar
Launcher Type: SUN_STANDARD

Environment Variables:
CLASSPATH=C:\temp\myapp\android\\gradle\wrapper\gradle-wrapper.jar
PATH=C:\ProgramData\Oracle\Java\javapath;C:\WINDOWS\system32;C:\WINDOWS;C:\WINDOWS\System32\Wbem;C:\WINDOWS\System32\WindowsPowerShell\v1.0\;C:\HashiCorp\Vagrant\bin;C:\Program Files (x86)\Skype\Phone\;C:\Program Files\dotnet\;D:\Program Files\nodejs\;D:\Program Files\Git\cmd;D:\cygwin64\bin;C:\Users\Munna Singh\.dnx\bin;C:\Program Files\Microsoft DNX\Dnvm\;C:\Program Files\Microsoft SQL Server\110\Tools\Binn\;D:\sqlserver\110\Tools\Binn\;C:\Program Files\Microsoft SQL Server\110\DTS\Binn\;C:\Program Files (x86)\Microsoft SQL Server\100\Tools\Binn\VSShell\Common7\IDE\;C:\Program Files (x86)\Microsoft SQL Server\100\Tools\Binn\;C:\Program Files\Microsoft SQL Server\100\Tools\Binn\;C:\Program Files (x86)\Microsoft SQL Server\100\DTS\Binn\;C:\Program Files\Microsoft SQL Server\130\Tools\Binn\;C:\Program Files (x86)\Windows Kits\10\Windows Performance Toolkit\;C:\Program Files\TortoiseGit\bin;D:\AndroidSDK\tools;D:\AndroidSDK\platform-tools;C:\Users\Munna Singh\AppData\Local\Microsoft\WindowsApps;D:\Program Files\Microsoft VS Code\bin;C:\Users\Munna Singh\AppData\Roaming\npm;C:\Users\Munna Singh\AppData\Local\GitHubDesktop\bin;%USERPROFILE%\AppData\Local\Microsoft\WindowsApps;
USERNAME=Munna Singh
OS=Windows_NT
PROCESSOR_IDENTIFIER=Intel64 Family 6 Model 61 Stepping 4, GenuineIntel



---------------  S Y S T E M  ---------------

OS: Windows 10.0 , 64 bit Build 16299 (10.0.16299.15)

CPU:total 4 (initial active 4) (2 cores per cpu, 2 threads per core) family 6 model 61 stepping 4, cmov, cx8, fxsr, mmx, sse, sse2, sse3, ssse3, sse4.1, sse4.2, popcnt, avx, avx2, aes, clmul, erms, rtm, 3dnowpref, lzcnt, ht, tsc, tscinvbit, bmi1, bmi2, adx

Memory: 4k page, physical 16663092k(1629988k free), swap 35056720k(1556k free)

vm_info: Java HotSpot(TM) 64-Bit Server VM (25.151-b12) for windows-amd64 JRE (1.8.0_151-b12), built on Sep  5 2017 19:33:46 by "java_re" with MS VC++ 10.0 (VS2010)

time: Tue Mar 06 18:48:56 2018
elapsed time: 0 seconds (0d 0h 0m 0s)

