#
# There is insufficient memory for the Java Runtime Environment to continue.
# Native memory allocation (malloc) failed to allocate 1048576 bytes for AllocateHeap
# Possible reasons:
#   The system is out of physical RAM or swap space
#   In 32 bit mode, the process size limit was hit
# Possible solutions:
#   Reduce memory load on the system
#   Increase physical memory or swap space
#   Check if swap backing store is full
#   Use 64 bit Java on a 64 bit OS
#   Decrease Java heap size (-Xmx/-Xms)
#   Decrease number of Java threads
#   Decrease Java thread stack sizes (-Xss)
#   Set larger code cache with -XX:ReservedCodeCacheSize=
# This output file may be truncated or incomplete.
#
#  Out of Memory Error (memory/allocation.inline.hpp:61), pid=18140, tid=0x00000000000054a8
#
# JRE version:  (8.0_151-b12) (build )
# Java VM: Java HotSpot(TM) 64-Bit Server VM (25.151-b12 mixed mode windows-amd64 compressed oops)
# Failed to write core dump. Minidumps are not enabled by default on client versions of Windows
#

---------------  T H R E A D  ---------------

Current thread (0x000000000301e000):  JavaThread "Unknown thread" [_thread_in_vm, id=21672, stack(0x00000000047f0000,0x00000000048f0000)]

Stack: [0x00000000047f0000,0x00000000048f0000]
[error occurred during error reporting (printing stack bounds), id 0xc0000005]

Native frames: (J=compiled Java code, j=interpreted, Vv=VM code, C=native code)


---------------  P R O C E S S  ---------------

Java Threads: ( => current thread )

Other Threads:

=>0x000000000301e000 (exited) JavaThread "Unknown thread" [_thread_in_vm, id=21672, stack(0x00000000047f0000,0x00000000048f0000)]

VM state:not at safepoint (normal execution)

VM Mutex/Monitor currently owned by a thread: None

Heap:
 PSYoungGen      total 76288K, used 1310K [0x00000000eab00000, 0x00000000f0000000, 0x0000000100000000)
  eden space 65536K, 2% used [0x00000000eab00000,0x00000000eac47af0,0x00000000eeb00000)
  from space 10752K, 0% used [0x00000000ef580000,0x00000000ef580000,0x00000000f0000000)
  to   space 10752K, 0% used [0x00000000eeb00000,0x00000000eeb00000,0x00000000ef580000)
 ParOldGen       total 175104K, used 0K [0x00000000c0000000, 0x00000000cab00000, 0x00000000eab00000)
  object space 175104K, 0% used [0x00000000c0000000,0x00000000c0000000,0x00000000cab00000)
 Metaspace       used 770K, capacity 4480K, committed 4480K, reserved 1056768K
  class space    used 75K, capacity 384K, committed 384K, reserved 1048576K

Card table byte_map: [0x0000000013fa0000,0x00000000141b0000] byte_map_base: 0x00000000139a0000

Marking Bits: (ParMarkBitMap*) 0x0000000077e9d850
 Begin Bits: [0x0000000014710000, 0x0000000015710000)
 End Bits:   [0x0000000015710000, 0x0000000016710000)

Polling page: 0x0000000002f70000

CodeCache: size=245760Kb used=328Kb max_used=328Kb free=245431Kb
 bounds [0x0000000004be0000, 0x0000000004e50000, 0x0000000013be0000]
 total_blobs=58 nmethods=0 adapters=38
 compilation: enabled

Compilation events (0 events):
No events

GC Heap History (0 events):
No events

Deoptimization events (0 events):
No events

Internal exceptions (0 events):
No events

Events (10 events):
Event: 0.039 loading class java/lang/Short
Event: 0.039 loading class java/lang/Short done
Event: 0.039 loading class java/lang/Integer
Event: 0.039 loading class java/lang/Integer done
Event: 0.039 loading class java/lang/Long
Event: 0.039 loading class java/lang/Long done
Event: 0.040 loading class java/lang/NullPointerException
Event: 0.040 loading class java/lang/NullPointerException done
Event: 0.040 loading class java/lang/ArithmeticException
Event: 0.040 loading class java/lang/ArithmeticException done


Dynamic libraries:
0x00007ff73f670000 - 0x00007ff73f6a7000 	C:\Program Files\Java\jdk1.8.0_151\bin\java.exe
0x00007ffdc8d90000 - 0x00007ffdc8f70000 	C:\WINDOWS\SYSTEM32\ntdll.dll
0x00007ffdc7250000 - 0x00007ffdc72fe000 	C:\WINDOWS\System32\KERNEL32.DLL
0x00007ffdc5da0000 - 0x00007ffdc6006000 	C:\WINDOWS\System32\KERNELBASE.dll
0x00007ffdc71a0000 - 0x00007ffdc7241000 	C:\WINDOWS\System32\ADVAPI32.dll
0x00007ffdc7800000 - 0x00007ffdc789d000 	C:\WINDOWS\System32\msvcrt.dll
0x00007ffdc75a0000 - 0x00007ffdc75fb000 	C:\WINDOWS\System32\sechost.dll
0x00007ffdc6d30000 - 0x00007ffdc6e4f000 	C:\WINDOWS\System32\RPCRT4.dll
0x00007ffdc7300000 - 0x00007ffdc748f000 	C:\WINDOWS\System32\USER32.dll
0x00007ffdc5c80000 - 0x00007ffdc5ca0000 	C:\WINDOWS\System32\win32u.dll
0x00007ffdc6c00000 - 0x00007ffdc6c28000 	C:\WINDOWS\System32\GDI32.dll
0x00007ffdc60c0000 - 0x00007ffdc6253000 	C:\WINDOWS\System32\gdi32full.dll
0x00007ffdc5ca0000 - 0x00007ffdc5d3b000 	C:\WINDOWS\System32\msvcp_win.dll
0x00007ffdc5b80000 - 0x00007ffdc5c76000 	C:\WINDOWS\System32\ucrtbase.dll
0x00007ffdb7f50000 - 0x00007ffdb81b9000 	C:\WINDOWS\WinSxS\amd64_microsoft.windows.common-controls_6595b64144ccf1df_6.0.16299.248_none_15ced204935f55d7\COMCTL32.dll
0x00007ffdc6430000 - 0x00007ffdc6738000 	C:\WINDOWS\System32\combase.dll
0x00007ffdc5b00000 - 0x00007ffdc5b72000 	C:\WINDOWS\System32\bcryptPrimitives.dll
0x00007ffdc6c30000 - 0x00007ffdc6c5d000 	C:\WINDOWS\System32\IMM32.DLL
0x0000000077f20000 - 0x0000000077ff2000 	C:\Program Files\Java\jdk1.8.0_151\jre\bin\msvcr100.dll
0x0000000077680000 - 0x0000000077f1d000 	C:\Program Files\Java\jdk1.8.0_151\jre\bin\server\jvm.dll
0x00007ffdc7190000 - 0x00007ffdc7198000 	C:\WINDOWS\System32\PSAPI.DLL
0x00007ffdc3490000 - 0x00007ffdc3499000 	C:\WINDOWS\SYSTEM32\WSOCK32.dll
0x00007ffdc6e50000 - 0x00007ffdc6ebc000 	C:\WINDOWS\System32\WS2_32.dll
0x00007ffdc1c90000 - 0x00007ffdc1cb3000 	C:\WINDOWS\SYSTEM32\WINMM.dll
0x00007ffdb4530000 - 0x00007ffdb453a000 	C:\WINDOWS\SYSTEM32\VERSION.dll
0x00007ffdc1c30000 - 0x00007ffdc1c5a000 	C:\WINDOWS\SYSTEM32\WINMMBASE.dll
0x00007ffdc58e0000 - 0x00007ffdc592a000 	C:\WINDOWS\System32\cfgmgr32.dll
0x0000000050040000 - 0x000000005004f000 	C:\Program Files\Java\jdk1.8.0_151\jre\bin\verify.dll
0x0000000050010000 - 0x0000000050039000 	C:\Program Files\Java\jdk1.8.0_151\jre\bin\java.dll
0x0000000077660000 - 0x0000000077676000 	C:\Program Files\Java\jdk1.8.0_151\jre\bin\zip.dll

VM Arguments:
jvm_args: -Djava.awt.headless=true -Xmx1024M -Dfile.encoding=windows-1252 -Duser.country=IN -Duser.language=en -Duser.variant 
java_command: com.android.dx.command.Main --dex --num-threads=4 --output C:\temp\myapp\android\app\build\intermediates\pre-dexed\debug\classes_77b04b5e2521168aa8e801e1c87767079e9061a4.jar C:\Users\Munna Singh\.android\build-cache\c4ef56267b958b450575f74d36fa0218d47f2f4e\output\jars\classes.jar
java_class_path (initial): D:\AndroidSDK\build-tools\27.0.3\lib\dx.jar
Launcher Type: SUN_STANDARD

Environment Variables:
CLASSPATH=C:\temp\myapp\android\\gradle\wrapper\gradle-wrapper.jar
PATH=C:\ProgramData\Oracle\Java\javapath;C:\WINDOWS\system32;C:\WINDOWS;C:\WINDOWS\System32\Wbem;C:\WINDOWS\System32\WindowsPowerShell\v1.0\;C:\HashiCorp\Vagrant\bin;C:\Program Files (x86)\Skype\Phone\;C:\Program Files\dotnet\;D:\Program Files\nodejs\;D:\Program Files\Git\cmd;D:\cygwin64\bin;C:\Users\Munna Singh\.dnx\bin;C:\Program Files\Microsoft DNX\Dnvm\;C:\Program Files\Microsoft SQL Server\110\Tools\Binn\;D:\sqlserver\110\Tools\Binn\;C:\Program Files\Microsoft SQL Server\110\DTS\Binn\;C:\Program Files (x86)\Microsoft SQL Server\100\Tools\Binn\VSShell\Common7\IDE\;C:\Program Files (x86)\Microsoft SQL Server\100\Tools\Binn\;C:\Program Files\Microsoft SQL Server\100\Tools\Binn\;C:\Program Files (x86)\Microsoft SQL Server\100\DTS\Binn\;C:\Program Files\Microsoft SQL Server\130\Tools\Binn\;C:\Program Files (x86)\Windows Kits\10\Windows Performance Toolkit\;C:\Program Files\TortoiseGit\bin;D:\AndroidSDK\tools;D:\AndroidSDK\platform-tools;C:\Users\Munna Singh\AppData\Local\Microsoft\WindowsApps;D:\Program Files\Microsoft VS Code\bin;C:\Users\Munna Singh\AppData\Roaming\npm;C:\Users\Munna Singh\AppData\Local\GitHubDesktop\bin;%USERPROFILE%\AppData\Local\Microsoft\WindowsApps;
USERNAME=Munna Singh
OS=Windows_NT
PROCESSOR_IDENTIFIER=Intel64 Family 6 Model 61 Stepping 4, GenuineIntel



---------------  S Y S T E M  ---------------

OS: Windows 10.0 , 64 bit Build 16299 (10.0.16299.15)

CPU:total 4 (initial active 4) (2 cores per cpu, 2 threads per core) family 6 model 61 stepping 4, cmov, cx8, fxsr, mmx, sse, sse2, sse3, ssse3, sse4.1, sse4.2, popcnt, avx, avx2, aes, clmul, erms, rtm, 3dnowpref, lzcnt, ht, tsc, tscinvbit, bmi1, bmi2, adx

Memory: 4k page, physical 16663092k(1463360k free), swap 35056720k(2244k free)

vm_info: Java HotSpot(TM) 64-Bit Server VM (25.151-b12) for windows-amd64 JRE (1.8.0_151-b12), built on Sep  5 2017 19:33:46 by "java_re" with MS VC++ 10.0 (VS2010)

time: Tue Mar 06 18:47:58 2018
elapsed time: 0 seconds (0d 0h 0m 0s)

